{"C:\\Users\\pc\\Documents\\GitHub\\atreus\\backend\\src\\lib\\batch.ts": {"path":"C:\\Users\\pc\\Documents\\GitHub\\atreus\\backend\\src\\lib\\batch.ts","all":false,"statementMap":{"0":{"start":{"line":1,"column":0},"end":{"line":1,"column":61}},"2":{"start":{"line":3,"column":0},"end":{"line":3,"column":34}},"3":{"start":{"line":4,"column":0},"end":{"line":4,"column":42}},"35":{"start":{"line":36,"column":0},"end":{"line":36,"column":47}},"36":{"start":{"line":37,"column":0},"end":{"line":37,"column":30}},"37":{"start":{"line":38,"column":0},"end":{"line":38,"column":17}},"38":{"start":{"line":39,"column":0},"end":{"line":39,"column":21}},"39":{"start":{"line":40,"column":0},"end":{"line":40,"column":41}},"40":{"start":{"line":41,"column":0},"end":{"line":41,"column":25}},"41":{"start":{"line":42,"column":0},"end":{"line":42,"column":23}},"42":{"start":{"line":43,"column":0},"end":{"line":43,"column":42}},"43":{"start":{"line":44,"column":0},"end":{"line":44,"column":21}},"44":{"start":{"line":45,"column":0},"end":{"line":45,"column":12}},"45":{"start":{"line":46,"column":0},"end":{"line":46,"column":14}},"46":{"start":{"line":47,"column":0},"end":{"line":47,"column":25}},"47":{"start":{"line":48,"column":0},"end":{"line":48,"column":7}},"48":{"start":{"line":49,"column":0},"end":{"line":49,"column":41}},"49":{"start":{"line":50,"column":0},"end":{"line":50,"column":32}},"50":{"start":{"line":51,"column":0},"end":{"line":51,"column":17}},"51":{"start":{"line":52,"column":0},"end":{"line":52,"column":12}},"52":{"start":{"line":53,"column":0},"end":{"line":53,"column":20}},"53":{"start":{"line":54,"column":0},"end":{"line":54,"column":5}},"54":{"start":{"line":55,"column":0},"end":{"line":55,"column":3}},"55":{"start":{"line":56,"column":0},"end":{"line":56,"column":55}},"56":{"start":{"line":57,"column":0},"end":{"line":57,"column":28}},"57":{"start":{"line":58,"column":0},"end":{"line":58,"column":16}},"58":{"start":{"line":59,"column":0},"end":{"line":59,"column":1}},"60":{"start":{"line":61,"column":0},"end":{"line":61,"column":61}},"61":{"start":{"line":62,"column":0},"end":{"line":62,"column":92}},"62":{"start":{"line":63,"column":0},"end":{"line":63,"column":76}},"63":{"start":{"line":64,"column":0},"end":{"line":64,"column":53}},"64":{"start":{"line":65,"column":0},"end":{"line":65,"column":79}},"65":{"start":{"line":66,"column":0},"end":{"line":66,"column":68}},"66":{"start":{"line":67,"column":0},"end":{"line":67,"column":75}},"67":{"start":{"line":68,"column":0},"end":{"line":68,"column":3}},"68":{"start":{"line":69,"column":0},"end":{"line":69,"column":104}},"69":{"start":{"line":70,"column":0},"end":{"line":70,"column":84}},"71":{"start":{"line":72,"column":0},"end":{"line":72,"column":52}},"72":{"start":{"line":73,"column":0},"end":{"line":73,"column":33}},"73":{"start":{"line":74,"column":0},"end":{"line":74,"column":46}},"74":{"start":{"line":75,"column":0},"end":{"line":75,"column":32}},"75":{"start":{"line":76,"column":0},"end":{"line":76,"column":38}},"76":{"start":{"line":77,"column":0},"end":{"line":77,"column":85}},"77":{"start":{"line":78,"column":0},"end":{"line":78,"column":41}},"78":{"start":{"line":79,"column":0},"end":{"line":79,"column":67}},"79":{"start":{"line":80,"column":0},"end":{"line":80,"column":58}},"80":{"start":{"line":81,"column":0},"end":{"line":81,"column":5}},"81":{"start":{"line":82,"column":0},"end":{"line":82,"column":115}},"82":{"start":{"line":83,"column":0},"end":{"line":83,"column":95}},"83":{"start":{"line":84,"column":0},"end":{"line":84,"column":92}},"84":{"start":{"line":85,"column":0},"end":{"line":85,"column":78}},"85":{"start":{"line":86,"column":0},"end":{"line":86,"column":83}},"86":{"start":{"line":87,"column":0},"end":{"line":87,"column":27}},"87":{"start":{"line":88,"column":0},"end":{"line":88,"column":90}},"88":{"start":{"line":89,"column":0},"end":{"line":89,"column":5}},"89":{"start":{"line":90,"column":0},"end":{"line":90,"column":1}},"91":{"start":{"line":92,"column":0},"end":{"line":92,"column":111}},"92":{"start":{"line":93,"column":0},"end":{"line":93,"column":50}},"93":{"start":{"line":94,"column":0},"end":{"line":94,"column":57}},"94":{"start":{"line":95,"column":0},"end":{"line":95,"column":79}},"95":{"start":{"line":96,"column":0},"end":{"line":96,"column":9}},"96":{"start":{"line":97,"column":0},"end":{"line":97,"column":131}},"97":{"start":{"line":98,"column":0},"end":{"line":98,"column":10}},"98":{"start":{"line":99,"column":0},"end":{"line":99,"column":100}},"99":{"start":{"line":100,"column":0},"end":{"line":100,"column":50}},"100":{"start":{"line":101,"column":0},"end":{"line":101,"column":61}},"101":{"start":{"line":102,"column":0},"end":{"line":102,"column":4}},"102":{"start":{"line":103,"column":0},"end":{"line":103,"column":1}},"104":{"start":{"line":105,"column":0},"end":{"line":105,"column":35}},"105":{"start":{"line":106,"column":0},"end":{"line":106,"column":21}},"106":{"start":{"line":107,"column":0},"end":{"line":107,"column":74}},"107":{"start":{"line":108,"column":0},"end":{"line":108,"column":17}},"108":{"start":{"line":109,"column":0},"end":{"line":109,"column":64}},"109":{"start":{"line":110,"column":0},"end":{"line":110,"column":18}},"110":{"start":{"line":111,"column":0},"end":{"line":111,"column":30}},"111":{"start":{"line":112,"column":0},"end":{"line":112,"column":47}},"112":{"start":{"line":113,"column":0},"end":{"line":113,"column":51}},"113":{"start":{"line":114,"column":0},"end":{"line":114,"column":36}},"114":{"start":{"line":115,"column":0},"end":{"line":115,"column":33}},"115":{"start":{"line":116,"column":0},"end":{"line":116,"column":35}},"116":{"start":{"line":117,"column":0},"end":{"line":117,"column":62}},"117":{"start":{"line":118,"column":0},"end":{"line":118,"column":32}},"118":{"start":{"line":119,"column":0},"end":{"line":119,"column":11}},"119":{"start":{"line":120,"column":0},"end":{"line":120,"column":57}},"120":{"start":{"line":121,"column":0},"end":{"line":121,"column":46}},"121":{"start":{"line":122,"column":0},"end":{"line":122,"column":42}},"122":{"start":{"line":123,"column":0},"end":{"line":123,"column":102}},"123":{"start":{"line":124,"column":0},"end":{"line":124,"column":36}},"124":{"start":{"line":125,"column":0},"end":{"line":125,"column":34}},"125":{"start":{"line":126,"column":0},"end":{"line":126,"column":29}},"126":{"start":{"line":127,"column":0},"end":{"line":127,"column":14}},"127":{"start":{"line":128,"column":0},"end":{"line":128,"column":23}},"128":{"start":{"line":129,"column":0},"end":{"line":129,"column":78}},"129":{"start":{"line":130,"column":0},"end":{"line":130,"column":122}},"130":{"start":{"line":131,"column":0},"end":{"line":131,"column":7}},"131":{"start":{"line":132,"column":0},"end":{"line":132,"column":5}},"132":{"start":{"line":133,"column":0},"end":{"line":133,"column":38}},"133":{"start":{"line":134,"column":0},"end":{"line":134,"column":31}},"134":{"start":{"line":135,"column":0},"end":{"line":135,"column":27}},"135":{"start":{"line":136,"column":0},"end":{"line":136,"column":5}},"136":{"start":{"line":137,"column":0},"end":{"line":137,"column":3}},"137":{"start":{"line":138,"column":0},"end":{"line":138,"column":29}},"138":{"start":{"line":139,"column":0},"end":{"line":139,"column":47}},"139":{"start":{"line":140,"column":0},"end":{"line":140,"column":1}},"141":{"start":{"line":142,"column":0},"end":{"line":142,"column":42}},"142":{"start":{"line":143,"column":0},"end":{"line":143,"column":57}},"143":{"start":{"line":144,"column":0},"end":{"line":144,"column":91}},"144":{"start":{"line":145,"column":0},"end":{"line":145,"column":1}},"146":{"start":{"line":147,"column":0},"end":{"line":147,"column":61}},"147":{"start":{"line":148,"column":0},"end":{"line":148,"column":93}},"148":{"start":{"line":149,"column":0},"end":{"line":149,"column":168}},"149":{"start":{"line":150,"column":0},"end":{"line":150,"column":1}},"151":{"start":{"line":152,"column":0},"end":{"line":152,"column":67}},"152":{"start":{"line":153,"column":0},"end":{"line":153,"column":94}},"153":{"start":{"line":154,"column":0},"end":{"line":154,"column":1}}},"s":{"0":1,"2":1,"3":1,"35":140,"36":140,"37":140,"38":140,"39":140,"40":1831,"41":1831,"42":3,"43":0,"44":0,"45":3,"46":3,"47":3,"48":1831,"49":275,"50":275,"51":1828,"52":1553,"53":1553,"54":1831,"55":140,"56":139,"57":139,"58":139,"60":1,"61":16,"62":16,"63":16,"64":16,"65":16,"66":2,"67":2,"68":16,"69":16,"71":13,"72":13,"73":13,"74":124,"75":124,"76":124,"77":122,"78":124,"79":2,"80":2,"81":124,"82":124,"83":124,"84":118,"85":124,"86":117,"87":124,"88":13,"89":13,"91":1,"92":5,"93":114,"94":114,"95":5,"96":5,"97":5,"98":5,"99":5,"100":5,"101":5,"102":5,"104":5,"105":5,"106":5,"107":5,"108":5,"109":5,"110":5,"111":5,"112":5,"113":5,"114":114,"115":114,"116":114,"117":118,"118":118,"119":118,"120":113,"121":113,"122":118,"123":113,"124":113,"125":113,"126":113,"127":118,"128":5,"129":5,"130":5,"131":118,"132":114,"133":1,"134":1,"135":1,"136":114,"137":5,"138":5,"139":5,"141":24,"142":24,"143":24,"144":24,"146":1,"147":2,"148":2,"149":2,"151":1,"152":0,"153":0},"branchMap":{"0":{"type":"branch","line":36,"loc":{"start":{"line":36,"column":0},"end":{"line":59,"column":1}},"locations":[{"start":{"line":36,"column":0},"end":{"line":59,"column":1}}]},"1":{"type":"branch","line":40,"loc":{"start":{"line":40,"column":40},"end":{"line":55,"column":3}},"locations":[{"start":{"line":40,"column":40},"end":{"line":55,"column":3}}]},"2":{"type":"branch","line":42,"loc":{"start":{"line":42,"column":22},"end":{"line":49,"column":15}},"locations":[{"start":{"line":42,"column":22},"end":{"line":49,"column":15}}]},"3":{"type":"branch","line":43,"loc":{"start":{"line":43,"column":10},"end":{"line":43,"column":41}},"locations":[{"start":{"line":43,"column":10},"end":{"line":43,"column":41}}]},"4":{"type":"branch","line":43,"loc":{"start":{"line":43,"column":41},"end":{"line":46,"column":13}},"locations":[{"start":{"line":43,"column":41},"end":{"line":46,"column":13}}]},"5":{"type":"branch","line":49,"loc":{"start":{"line":49,"column":4},"end":{"line":54,"column":5}},"locations":[{"start":{"line":49,"column":4},"end":{"line":54,"column":5}}]},"6":{"type":"branch","line":49,"loc":{"start":{"line":49,"column":24},"end":{"line":49,"column":40}},"locations":[{"start":{"line":49,"column":24},"end":{"line":49,"column":40}}]},"7":{"type":"branch","line":49,"loc":{"start":{"line":49,"column":40},"end":{"line":52,"column":11}},"locations":[{"start":{"line":49,"column":40},"end":{"line":52,"column":11}}]},"8":{"type":"branch","line":52,"loc":{"start":{"line":52,"column":4},"end":{"line":54,"column":5}},"locations":[{"start":{"line":52,"column":4},"end":{"line":54,"column":5}}]},"9":{"type":"branch","line":56,"loc":{"start":{"line":56,"column":14},"end":{"line":56,"column":55}},"locations":[{"start":{"line":56,"column":14},"end":{"line":56,"column":55}}]},"10":{"type":"branch","line":56,"loc":{"start":{"line":56,"column":53},"end":{"line":59,"column":1}},"locations":[{"start":{"line":56,"column":53},"end":{"line":59,"column":1}}]},"11":{"type":"branch","line":61,"loc":{"start":{"line":61,"column":7},"end":{"line":90,"column":1}},"locations":[{"start":{"line":61,"column":7},"end":{"line":90,"column":1}}]},"12":{"type":"branch","line":64,"loc":{"start":{"line":64,"column":21},"end":{"line":64,"column":53}},"locations":[{"start":{"line":64,"column":21},"end":{"line":64,"column":53}}]},"13":{"type":"branch","line":66,"loc":{"start":{"line":66,"column":67},"end":{"line":69,"column":47}},"locations":[{"start":{"line":66,"column":67},"end":{"line":69,"column":47}}]},"14":{"type":"branch","line":66,"loc":{"start":{"line":66,"column":67},"end":{"line":68,"column":3}},"locations":[{"start":{"line":66,"column":67},"end":{"line":68,"column":3}}]},"15":{"type":"branch","line":68,"loc":{"start":{"line":68,"column":2},"end":{"line":69,"column":47}},"locations":[{"start":{"line":68,"column":2},"end":{"line":69,"column":47}}]},"16":{"type":"branch","line":69,"loc":{"start":{"line":69,"column":41},"end":{"line":69,"column":104}},"locations":[{"start":{"line":69,"column":41},"end":{"line":69,"column":104}}]},"17":{"type":"branch","line":69,"loc":{"start":{"line":69,"column":102},"end":{"line":70,"column":32}},"locations":[{"start":{"line":69,"column":102},"end":{"line":70,"column":32}}]},"18":{"type":"branch","line":70,"loc":{"start":{"line":70,"column":26},"end":{"line":70,"column":84}},"locations":[{"start":{"line":70,"column":26},"end":{"line":70,"column":84}}]},"19":{"type":"branch","line":70,"loc":{"start":{"line":70,"column":82},"end":{"line":90,"column":1}},"locations":[{"start":{"line":70,"column":82},"end":{"line":90,"column":1}}]},"20":{"type":"branch","line":63,"loc":{"start":{"line":63,"column":46},"end":{"line":63,"column":74}},"locations":[{"start":{"line":63,"column":46},"end":{"line":63,"column":74}}]},"21":{"type":"branch","line":65,"loc":{"start":{"line":65,"column":45},"end":{"line":65,"column":77}},"locations":[{"start":{"line":65,"column":45},"end":{"line":65,"column":77}}]},"22":{"type":"branch","line":74,"loc":{"start":{"line":74,"column":28},"end":{"line":89,"column":3}},"locations":[{"start":{"line":74,"column":28},"end":{"line":89,"column":3}}]},"23":{"type":"branch","line":77,"loc":{"start":{"line":77,"column":29},"end":{"line":77,"column":85}},"locations":[{"start":{"line":77,"column":29},"end":{"line":77,"column":85}}]},"24":{"type":"branch","line":77,"loc":{"start":{"line":77,"column":83},"end":{"line":79,"column":45}},"locations":[{"start":{"line":77,"column":83},"end":{"line":79,"column":45}}]},"25":{"type":"branch","line":79,"loc":{"start":{"line":79,"column":40},"end":{"line":79,"column":66}},"locations":[{"start":{"line":79,"column":40},"end":{"line":79,"column":66}}]},"26":{"type":"branch","line":79,"loc":{"start":{"line":79,"column":66},"end":{"line":81,"column":5}},"locations":[{"start":{"line":79,"column":66},"end":{"line":81,"column":5}}]},"27":{"type":"branch","line":81,"loc":{"start":{"line":81,"column":4},"end":{"line":82,"column":49}},"locations":[{"start":{"line":81,"column":4},"end":{"line":82,"column":49}}]},"28":{"type":"branch","line":82,"loc":{"start":{"line":82,"column":43},"end":{"line":82,"column":115}},"locations":[{"start":{"line":82,"column":43},"end":{"line":82,"column":115}}]},"29":{"type":"branch","line":82,"loc":{"start":{"line":82,"column":113},"end":{"line":83,"column":17}},"locations":[{"start":{"line":82,"column":113},"end":{"line":83,"column":17}}]},"30":{"type":"branch","line":83,"loc":{"start":{"line":83,"column":8},"end":{"line":83,"column":44}},"locations":[{"start":{"line":83,"column":8},"end":{"line":83,"column":44}}]},"31":{"type":"branch","line":83,"loc":{"start":{"line":83,"column":44},"end":{"line":83,"column":95}},"locations":[{"start":{"line":83,"column":44},"end":{"line":83,"column":95}}]},"32":{"type":"branch","line":83,"loc":{"start":{"line":83,"column":93},"end":{"line":84,"column":33}},"locations":[{"start":{"line":83,"column":93},"end":{"line":84,"column":33}}]},"33":{"type":"branch","line":84,"loc":{"start":{"line":84,"column":27},"end":{"line":84,"column":92}},"locations":[{"start":{"line":84,"column":27},"end":{"line":84,"column":92}}]},"34":{"type":"branch","line":84,"loc":{"start":{"line":84,"column":90},"end":{"line":86,"column":38}},"locations":[{"start":{"line":84,"column":90},"end":{"line":86,"column":38}}]},"35":{"type":"branch","line":86,"loc":{"start":{"line":86,"column":32},"end":{"line":86,"column":83}},"locations":[{"start":{"line":86,"column":32},"end":{"line":86,"column":83}}]},"36":{"type":"branch","line":86,"loc":{"start":{"line":86,"column":81},"end":{"line":88,"column":53}},"locations":[{"start":{"line":86,"column":81},"end":{"line":88,"column":53}}]},"37":{"type":"branch","line":88,"loc":{"start":{"line":88,"column":44},"end":{"line":88,"column":64}},"locations":[{"start":{"line":88,"column":44},"end":{"line":88,"column":64}}]},"38":{"type":"branch","line":88,"loc":{"start":{"line":88,"column":70},"end":{"line":88,"column":88}},"locations":[{"start":{"line":88,"column":70},"end":{"line":88,"column":88}}]},"39":{"type":"branch","line":92,"loc":{"start":{"line":92,"column":7},"end":{"line":103,"column":1}},"locations":[{"start":{"line":92,"column":7},"end":{"line":103,"column":1}}]},"40":{"type":"branch","line":93,"loc":{"start":{"line":93,"column":35},"end":{"line":96,"column":5}},"locations":[{"start":{"line":93,"column":35},"end":{"line":96,"column":5}}]},"41":{"type":"branch","line":101,"loc":{"start":{"line":101,"column":19},"end":{"line":101,"column":59}},"locations":[{"start":{"line":101,"column":19},"end":{"line":101,"column":59}}]},"42":{"type":"branch","line":105,"loc":{"start":{"line":105,"column":0},"end":{"line":140,"column":1}},"locations":[{"start":{"line":105,"column":0},"end":{"line":140,"column":1}}]},"43":{"type":"branch","line":113,"loc":{"start":{"line":113,"column":31},"end":{"line":113,"column":51}},"locations":[{"start":{"line":113,"column":31},"end":{"line":113,"column":51}}]},"44":{"type":"branch","line":114,"loc":{"start":{"line":114,"column":35},"end":{"line":137,"column":3}},"locations":[{"start":{"line":114,"column":35},"end":{"line":137,"column":3}}]},"45":{"type":"branch","line":117,"loc":{"start":{"line":117,"column":61},"end":{"line":133,"column":37}},"locations":[{"start":{"line":117,"column":61},"end":{"line":133,"column":37}}]},"46":{"type":"branch","line":120,"loc":{"start":{"line":120,"column":55},"end":{"line":123,"column":30}},"locations":[{"start":{"line":120,"column":55},"end":{"line":123,"column":30}}]},"47":{"type":"branch","line":123,"loc":{"start":{"line":123,"column":26},"end":{"line":123,"column":102}},"locations":[{"start":{"line":123,"column":26},"end":{"line":123,"column":102}}]},"48":{"type":"branch","line":123,"loc":{"start":{"line":123,"column":100},"end":{"line":128,"column":15}},"locations":[{"start":{"line":123,"column":100},"end":{"line":128,"column":15}}]},"49":{"type":"branch","line":128,"loc":{"start":{"line":128,"column":6},"end":{"line":131,"column":7}},"locations":[{"start":{"line":128,"column":6},"end":{"line":131,"column":7}}]},"50":{"type":"branch","line":129,"loc":{"start":{"line":129,"column":54},"end":{"line":129,"column":78}},"locations":[{"start":{"line":129,"column":54},"end":{"line":129,"column":78}}]},"51":{"type":"branch","line":130,"loc":{"start":{"line":130,"column":35},"end":{"line":130,"column":122}},"locations":[{"start":{"line":130,"column":35},"end":{"line":130,"column":122}}]},"52":{"type":"branch","line":133,"loc":{"start":{"line":133,"column":37},"end":{"line":136,"column":5}},"locations":[{"start":{"line":133,"column":37},"end":{"line":136,"column":5}}]},"53":{"type":"branch","line":130,"loc":{"start":{"line":130,"column":53},"end":{"line":130,"column":120}},"locations":[{"start":{"line":130,"column":53},"end":{"line":130,"column":120}}]},"54":{"type":"branch","line":142,"loc":{"start":{"line":142,"column":0},"end":{"line":145,"column":1}},"locations":[{"start":{"line":142,"column":0},"end":{"line":145,"column":1}}]},"55":{"type":"branch","line":143,"loc":{"start":{"line":143,"column":31},"end":{"line":143,"column":43}},"locations":[{"start":{"line":143,"column":31},"end":{"line":143,"column":43}}]},"56":{"type":"branch","line":143,"loc":{"start":{"line":143,"column":38},"end":{"line":143,"column":57}},"locations":[{"start":{"line":143,"column":38},"end":{"line":143,"column":57}}]},"57":{"type":"branch","line":144,"loc":{"start":{"line":144,"column":34},"end":{"line":144,"column":79}},"locations":[{"start":{"line":144,"column":34},"end":{"line":144,"column":79}}]},"58":{"type":"branch","line":147,"loc":{"start":{"line":147,"column":7},"end":{"line":150,"column":1}},"locations":[{"start":{"line":147,"column":7},"end":{"line":150,"column":1}}]},"59":{"type":"branch","line":149,"loc":{"start":{"line":149,"column":36},"end":{"line":149,"column":154}},"locations":[{"start":{"line":149,"column":36},"end":{"line":149,"column":154}}]}},"b":{"0":[140],"1":[1831],"2":[3],"3":[1],"4":[0],"5":[1828],"6":[278],"7":[275],"8":[1553],"9":[1],"10":[139],"11":[16],"12":[0],"13":[15],"14":[2],"15":[14],"16":[1],"17":[13],"18":[0],"19":[13],"20":[242],"21":[46],"22":[124],"23":[1],"24":[122],"25":[121],"26":[2],"27":[120],"28":[1],"29":[119],"30":[3],"31":[1],"32":[118],"33":[0],"34":[118],"35":[1],"36":[117],"37":[115],"38":[1],"39":[5],"40":[114],"41":[114],"42":[5],"43":[1],"44":[114],"45":[118],"46":[113],"47":[1],"48":[113],"49":[5],"50":[0],"51":[4],"52":[1],"53":[4],"54":[24],"55":[5],"56":[19],"57":[0],"58":[2],"59":[3]},"fnMap":{"0":{"name":"parseCsvLine","decl":{"start":{"line":36,"column":0},"end":{"line":59,"column":1}},"loc":{"start":{"line":36,"column":0},"end":{"line":59,"column":1}},"line":36},"1":{"name":"parseBatchCsv","decl":{"start":{"line":61,"column":7},"end":{"line":90,"column":1}},"loc":{"start":{"line":61,"column":7},"end":{"line":90,"column":1}},"line":61},"2":{"name":"createBatchRecord","decl":{"start":{"line":92,"column":7},"end":{"line":103,"column":1}},"loc":{"start":{"line":92,"column":7},"end":{"line":103,"column":1}},"line":92},"3":{"name":"processBatch","decl":{"start":{"line":105,"column":0},"end":{"line":140,"column":1}},"loc":{"start":{"line":105,"column":0},"end":{"line":140,"column":1}},"line":105},"4":{"name":"result.status","decl":{"start":{"line":130,"column":53},"end":{"line":130,"column":120}},"loc":{"start":{"line":130,"column":53},"end":{"line":130,"column":120}},"line":130},"5":{"name":"csvCell","decl":{"start":{"line":142,"column":0},"end":{"line":145,"column":1}},"loc":{"start":{"line":142,"column":0},"end":{"line":145,"column":1}},"line":142},"6":{"name":"batchResultsCsv","decl":{"start":{"line":147,"column":7},"end":{"line":150,"column":1}},"loc":{"start":{"line":147,"column":7},"end":{"line":150,"column":1}},"line":147},"7":{"name":"emailHash","decl":{"start":{"line":152,"column":7},"end":{"line":154,"column":1}},"loc":{"start":{"line":152,"column":7},"end":{"line":154,"column":1}},"line":152}},"f":{"0":140,"1":16,"2":5,"3":5,"4":4,"5":24,"6":2,"7":0}}
,"C:\\Users\\pc\\Documents\\GitHub\\atreus\\backend\\src\\routes\\links.ts": {"path":"C:\\Users\\pc\\Documents\\GitHub\\atreus\\backend\\src\\routes\\links.ts","all":false,"statementMap":{"0":{"start":{"line":1,"column":0},"end":{"line":1,"column":52}},"9":{"start":{"line":10,"column":0},"end":{"line":10,"column":29}},"10":{"start":{"line":11,"column":0},"end":{"line":11,"column":23}},"11":{"start":{"line":12,"column":0},"end":{"line":12,"column":30}},"13":{"start":{"line":14,"column":0},"end":{"line":14,"column":24}},"15":{"start":{"line":16,"column":0},"end":{"line":16,"column":33}},"16":{"start":{"line":17,"column":0},"end":{"line":17,"column":46}},"17":{"start":{"line":18,"column":0},"end":{"line":18,"column":3}},"19":{"start":{"line":20,"column":0},"end":{"line":20,"column":28}},"20":{"start":{"line":21,"column":0},"end":{"line":21,"column":18}},"21":{"start":{"line":22,"column":0},"end":{"line":22,"column":48}},"22":{"start":{"line":23,"column":0},"end":{"line":23,"column":51}},"23":{"start":{"line":24,"column":0},"end":{"line":24,"column":93}},"24":{"start":{"line":25,"column":0},"end":{"line":25,"column":4}},"26":{"start":{"line":27,"column":0},"end":{"line":27,"column":39}},"27":{"start":{"line":28,"column":0},"end":{"line":28,"column":32}},"28":{"start":{"line":29,"column":0},"end":{"line":29,"column":61}},"29":{"start":{"line":30,"column":0},"end":{"line":30,"column":21}},"30":{"start":{"line":31,"column":0},"end":{"line":31,"column":5}},"31":{"start":{"line":32,"column":0},"end":{"line":32,"column":3}},"33":{"start":{"line":34,"column":0},"end":{"line":34,"column":18}},"34":{"start":{"line":35,"column":0},"end":{"line":35,"column":66}},"35":{"start":{"line":36,"column":0},"end":{"line":36,"column":4}},"36":{"start":{"line":37,"column":0},"end":{"line":37,"column":1}},"38":{"start":{"line":39,"column":0},"end":{"line":39,"column":43}},"39":{"start":{"line":40,"column":0},"end":{"line":40,"column":47}},"40":{"start":{"line":41,"column":0},"end":{"line":41,"column":64}},"44":{"start":{"line":45,"column":0},"end":{"line":45,"column":66}},"45":{"start":{"line":46,"column":0},"end":{"line":46,"column":86}},"46":{"start":{"line":47,"column":0},"end":{"line":47,"column":7}},"47":{"start":{"line":48,"column":0},"end":{"line":48,"column":82}},"48":{"start":{"line":49,"column":0},"end":{"line":49,"column":70}},"49":{"start":{"line":50,"column":0},"end":{"line":50,"column":27}},"50":{"start":{"line":51,"column":0},"end":{"line":51,"column":94}},"51":{"start":{"line":52,"column":0},"end":{"line":52,"column":13}},"52":{"start":{"line":53,"column":0},"end":{"line":53,"column":5}},"53":{"start":{"line":54,"column":0},"end":{"line":54,"column":36}},"54":{"start":{"line":55,"column":0},"end":{"line":55,"column":66}},"55":{"start":{"line":56,"column":0},"end":{"line":56,"column":33}},"56":{"start":{"line":57,"column":0},"end":{"line":57,"column":134}},"57":{"start":{"line":58,"column":0},"end":{"line":58,"column":86}},"58":{"start":{"line":59,"column":0},"end":{"line":59,"column":24}},"59":{"start":{"line":60,"column":0},"end":{"line":60,"column":50}},"60":{"start":{"line":61,"column":0},"end":{"line":61,"column":59}},"61":{"start":{"line":62,"column":0},"end":{"line":62,"column":96}},"62":{"start":{"line":63,"column":0},"end":{"line":63,"column":64}},"63":{"start":{"line":64,"column":0},"end":{"line":64,"column":29}},"64":{"start":{"line":65,"column":0},"end":{"line":65,"column":145}},"65":{"start":{"line":66,"column":0},"end":{"line":66,"column":27}},"66":{"start":{"line":67,"column":0},"end":{"line":67,"column":92}},"67":{"start":{"line":68,"column":0},"end":{"line":68,"column":9}},"68":{"start":{"line":69,"column":0},"end":{"line":69,"column":7}},"69":{"start":{"line":70,"column":0},"end":{"line":70,"column":141}},"70":{"start":{"line":71,"column":0},"end":{"line":71,"column":19}},"71":{"start":{"line":72,"column":0},"end":{"line":72,"column":75}},"72":{"start":{"line":73,"column":0},"end":{"line":73,"column":69}},"73":{"start":{"line":74,"column":0},"end":{"line":74,"column":60}},"74":{"start":{"line":75,"column":0},"end":{"line":75,"column":3}},"75":{"start":{"line":76,"column":0},"end":{"line":76,"column":3}},"78":{"start":{"line":79,"column":0},"end":{"line":79,"column":68}},"79":{"start":{"line":80,"column":0},"end":{"line":80,"column":56}},"80":{"start":{"line":81,"column":0},"end":{"line":81,"column":15}},"81":{"start":{"line":82,"column":0},"end":{"line":82,"column":55}},"82":{"start":{"line":83,"column":0},"end":{"line":83,"column":11}},"83":{"start":{"line":84,"column":0},"end":{"line":84,"column":3}},"84":{"start":{"line":85,"column":0},"end":{"line":85,"column":18}},"85":{"start":{"line":86,"column":0},"end":{"line":86,"column":3}},"87":{"start":{"line":88,"column":0},"end":{"line":88,"column":80}},"88":{"start":{"line":89,"column":0},"end":{"line":89,"column":56}},"89":{"start":{"line":90,"column":0},"end":{"line":90,"column":15}},"90":{"start":{"line":91,"column":0},"end":{"line":91,"column":55}},"91":{"start":{"line":92,"column":0},"end":{"line":92,"column":11}},"92":{"start":{"line":93,"column":0},"end":{"line":93,"column":3}},"93":{"start":{"line":94,"column":0},"end":{"line":94,"column":37}},"94":{"start":{"line":95,"column":0},"end":{"line":95,"column":61}},"95":{"start":{"line":96,"column":0},"end":{"line":96,"column":11}},"96":{"start":{"line":97,"column":0},"end":{"line":97,"column":3}},"97":{"start":{"line":98,"column":0},"end":{"line":98,"column":59}},"98":{"start":{"line":99,"column":0},"end":{"line":99,"column":95}},"99":{"start":{"line":100,"column":0},"end":{"line":100,"column":35}},"100":{"start":{"line":101,"column":0},"end":{"line":101,"column":3}},"103":{"start":{"line":104,"column":0},"end":{"line":104,"column":61}},"104":{"start":{"line":105,"column":0},"end":{"line":105,"column":46}},"106":{"start":{"line":107,"column":0},"end":{"line":107,"column":28}},"107":{"start":{"line":108,"column":0},"end":{"line":108,"column":80}},"108":{"start":{"line":109,"column":0},"end":{"line":109,"column":11}},"109":{"start":{"line":110,"column":0},"end":{"line":110,"column":3}},"112":{"start":{"line":113,"column":0},"end":{"line":113,"column":16}},"113":{"start":{"line":114,"column":0},"end":{"line":114,"column":28}},"114":{"start":{"line":115,"column":0},"end":{"line":115,"column":12}},"115":{"start":{"line":116,"column":0},"end":{"line":116,"column":29}},"116":{"start":{"line":117,"column":0},"end":{"line":117,"column":11}},"117":{"start":{"line":118,"column":0},"end":{"line":118,"column":19}},"118":{"start":{"line":119,"column":0},"end":{"line":119,"column":40}},"119":{"start":{"line":120,"column":0},"end":{"line":120,"column":4}},"121":{"start":{"line":122,"column":0},"end":{"line":122,"column":29}},"122":{"start":{"line":123,"column":0},"end":{"line":123,"column":3}},"125":{"start":{"line":126,"column":0},"end":{"line":126,"column":65}},"126":{"start":{"line":127,"column":0},"end":{"line":127,"column":30}},"129":{"start":{"line":130,"column":0},"end":{"line":130,"column":12}},"130":{"start":{"line":131,"column":0},"end":{"line":131,"column":9}},"131":{"start":{"line":132,"column":0},"end":{"line":132,"column":20}},"132":{"start":{"line":133,"column":0},"end":{"line":133,"column":19}},"133":{"start":{"line":134,"column":0},"end":{"line":134,"column":19}},"134":{"start":{"line":135,"column":0},"end":{"line":135,"column":5}},"135":{"start":{"line":136,"column":0},"end":{"line":136,"column":3}},"141":{"start":{"line":142,"column":0},"end":{"line":142,"column":73}},"142":{"start":{"line":143,"column":0},"end":{"line":143,"column":39}},"143":{"start":{"line":144,"column":0},"end":{"line":144,"column":70}},"145":{"start":{"line":146,"column":0},"end":{"line":146,"column":40}},"146":{"start":{"line":147,"column":0},"end":{"line":147,"column":75}},"147":{"start":{"line":148,"column":0},"end":{"line":148,"column":11}},"148":{"start":{"line":149,"column":0},"end":{"line":149,"column":3}},"150":{"start":{"line":151,"column":0},"end":{"line":151,"column":45}},"151":{"start":{"line":152,"column":0},"end":{"line":152,"column":111}},"152":{"start":{"line":153,"column":0},"end":{"line":153,"column":79}},"153":{"start":{"line":154,"column":0},"end":{"line":154,"column":3}},"155":{"start":{"line":156,"column":0},"end":{"line":156,"column":7}},"156":{"start":{"line":157,"column":0},"end":{"line":157,"column":68}},"157":{"start":{"line":158,"column":0},"end":{"line":158,"column":66}},"159":{"start":{"line":160,"column":0},"end":{"line":160,"column":48}},"160":{"start":{"line":161,"column":0},"end":{"line":161,"column":60}},"161":{"start":{"line":162,"column":0},"end":{"line":162,"column":73}},"162":{"start":{"line":163,"column":0},"end":{"line":163,"column":13}},"163":{"start":{"line":164,"column":0},"end":{"line":164,"column":5}},"165":{"start":{"line":166,"column":0},"end":{"line":166,"column":102}},"166":{"start":{"line":167,"column":0},"end":{"line":167,"column":19}},"167":{"start":{"line":168,"column":0},"end":{"line":168,"column":70}},"168":{"start":{"line":169,"column":0},"end":{"line":169,"column":13}},"169":{"start":{"line":170,"column":0},"end":{"line":170,"column":5}},"171":{"start":{"line":172,"column":0},"end":{"line":172,"column":68}},"172":{"start":{"line":173,"column":0},"end":{"line":173,"column":85}},"174":{"start":{"line":175,"column":0},"end":{"line":175,"column":72}},"175":{"start":{"line":176,"column":0},"end":{"line":176,"column":22}},"176":{"start":{"line":177,"column":0},"end":{"line":177,"column":23}},"177":{"start":{"line":178,"column":0},"end":{"line":178,"column":74}},"178":{"start":{"line":179,"column":0},"end":{"line":179,"column":3}},"179":{"start":{"line":180,"column":0},"end":{"line":180,"column":3}}},"s":{"0":1,"9":1,"10":0,"11":0,"13":0,"15":0,"16":0,"17":0,"19":0,"20":0,"21":0,"22":0,"23":0,"24":0,"26":0,"27":0,"28":0,"29":0,"30":0,"31":0,"33":0,"34":0,"35":0,"36":0,"38":1,"39":1,"40":1,"44":1,"45":2,"46":2,"47":2,"48":2,"49":2,"50":0,"51":0,"52":0,"53":2,"54":2,"55":2,"56":2,"57":2,"58":2,"59":1,"60":1,"61":1,"62":1,"63":1,"64":1,"65":1,"66":0,"67":1,"68":2,"69":2,"70":2,"71":1,"72":1,"73":1,"74":1,"75":2,"78":1,"79":2,"80":2,"81":1,"82":1,"83":1,"84":1,"85":1,"87":1,"88":1,"89":1,"90":0,"91":0,"92":0,"93":1,"94":0,"95":0,"96":0,"97":1,"98":1,"99":1,"100":1,"103":1,"104":0,"106":0,"107":0,"108":0,"109":0,"112":0,"113":0,"114":0,"115":0,"116":0,"117":0,"118":0,"119":0,"121":0,"122":0,"125":1,"126":0,"129":0,"130":0,"131":0,"132":0,"133":0,"134":0,"135":0,"141":1,"142":0,"143":0,"145":0,"146":0,"147":0,"148":0,"150":0,"151":0,"152":0,"153":0,"155":0,"156":0,"157":0,"159":0,"160":0,"161":0,"162":0,"163":0,"165":0,"166":0,"167":0,"168":0,"169":0,"171":0,"172":0,"174":0,"175":0,"176":0,"177":0,"178":0,"179":0},"branchMap":{"0":{"type":"branch","line":45,"loc":{"start":{"line":45,"column":26},"end":{"line":76,"column":3}},"locations":[{"start":{"line":45,"column":26},"end":{"line":76,"column":3}}]},"1":{"type":"branch","line":46,"loc":{"start":{"line":46,"column":60},"end":{"line":46,"column":84}},"locations":[{"start":{"line":46,"column":60},"end":{"line":46,"column":84}}]},"2":{"type":"branch","line":48,"loc":{"start":{"line":48,"column":69},"end":{"line":48,"column":82}},"locations":[{"start":{"line":48,"column":69},"end":{"line":48,"column":82}}]},"3":{"type":"branch","line":49,"loc":{"start":{"line":49,"column":61},"end":{"line":49,"column":70}},"locations":[{"start":{"line":49,"column":61},"end":{"line":49,"column":70}}]},"4":{"type":"branch","line":50,"loc":{"start":{"line":50,"column":26},"end":{"line":53,"column":5}},"locations":[{"start":{"line":50,"column":26},"end":{"line":53,"column":5}}]},"5":{"type":"branch","line":58,"loc":{"start":{"line":58,"column":31},"end":{"line":58,"column":86}},"locations":[{"start":{"line":58,"column":31},"end":{"line":58,"column":86}}]},"6":{"type":"branch","line":71,"loc":{"start":{"line":71,"column":2},"end":{"line":75,"column":3}},"locations":[{"start":{"line":71,"column":2},"end":{"line":75,"column":3}}]},"7":{"type":"branch","line":72,"loc":{"start":{"line":72,"column":51},"end":{"line":72,"column":75}},"locations":[{"start":{"line":72,"column":51},"end":{"line":72,"column":75}}]},"8":{"type":"branch","line":59,"loc":{"start":{"line":59,"column":17},"end":{"line":69,"column":5}},"locations":[{"start":{"line":59,"column":17},"end":{"line":69,"column":5}}]},"9":{"type":"branch","line":60,"loc":{"start":{"line":60,"column":26},"end":{"line":64,"column":9}},"locations":[{"start":{"line":60,"column":26},"end":{"line":64,"column":9}}]},"10":{"type":"branch","line":64,"loc":{"start":{"line":64,"column":22},"end":{"line":66,"column":7}},"locations":[{"start":{"line":64,"column":22},"end":{"line":66,"column":7}}]},"11":{"type":"branch","line":79,"loc":{"start":{"line":79,"column":34},"end":{"line":86,"column":3}},"locations":[{"start":{"line":79,"column":34},"end":{"line":86,"column":3}}]},"12":{"type":"branch","line":81,"loc":{"start":{"line":81,"column":14},"end":{"line":86,"column":3}},"locations":[{"start":{"line":81,"column":14},"end":{"line":86,"column":3}}]},"13":{"type":"branch","line":88,"loc":{"start":{"line":88,"column":46},"end":{"line":101,"column":3}},"locations":[{"start":{"line":88,"column":46},"end":{"line":101,"column":3}}]},"14":{"type":"branch","line":90,"loc":{"start":{"line":90,"column":14},"end":{"line":93,"column":3}},"locations":[{"start":{"line":90,"column":14},"end":{"line":93,"column":3}}]},"15":{"type":"branch","line":94,"loc":{"start":{"line":94,"column":36},"end":{"line":97,"column":3}},"locations":[{"start":{"line":94,"column":36},"end":{"line":97,"column":3}}]}},"b":{"0":[2],"1":[1],"2":[0],"3":[0],"4":[0],"5":[0],"6":[1],"7":[0],"8":[1],"9":[1],"10":[1],"11":[2],"12":[1],"13":[1],"14":[0],"15":[0]},"fnMap":{"0":{"name":"getCircuit","decl":{"start":{"line":11,"column":0},"end":{"line":37,"column":1}},"loc":{"start":{"line":11,"column":0},"end":{"line":37,"column":1}},"line":11}},"f":{"0":0}}
}
